#-----------------------------------------------------------
# Vivado v2016.4 (64-bit)
# SW Build 1756540 on Mon Jan 23 19:11:19 MST 2017
# IP Build 1755317 on Mon Jan 23 20:30:07 MST 2017
# Start of session at: Thu Nov 15 14:20:44 2018
# Process ID: 16932
# Current directory: /home/vivado/Vivado-Projects/HLS_phantom_dwt/solution1/impl/ip
# Command line: vivado -notrace -mode batch -source run_ippack.tcl
# Log file: /home/vivado/Vivado-Projects/HLS_phantom_dwt/solution1/impl/ip/vivado.log
# Journal file: /home/vivado/Vivado-Projects/HLS_phantom_dwt/solution1/impl/ip/vivado.jou
#-----------------------------------------------------------
source run_ippack.tcl -notrace
INFO: [IP_Flow 19-234] Refreshing IP repositories
INFO: [IP_Flow 19-1704] No user IP repositories specified
INFO: [IP_Flow 19-2313] Loaded Vivado IP repository '/opt/Xilinx/Vivado/2016.4/data/ip'.
INFO: [IP_Flow 19-1686] Generating 'Synthesis' target for IP 'dwt_ap_fadd_6_full_dsp_32'...
INFO: [IP_Flow 19-1686] Generating 'Simulation' target for IP 'dwt_ap_fadd_6_full_dsp_32'...
INFO: [IP_Flow 19-1686] Generating 'Synthesis' target for IP 'dwt_ap_fmul_3_max_dsp_32'...
INFO: [IP_Flow 19-1686] Generating 'Simulation' target for IP 'dwt_ap_fmul_3_max_dsp_32'...
INFO: [IP_Flow 19-1686] Generating 'Synthesis' target for IP 'dwt_ap_fsub_6_full_dsp_32'...
INFO: [IP_Flow 19-1686] Generating 'Simulation' target for IP 'dwt_ap_fsub_6_full_dsp_32'...
INFO: [IP_Flow 19-234] Refreshing IP repositories
INFO: [IP_Flow 19-1704] No user IP repositories specified
INFO: [IP_Flow 19-2313] Loaded Vivado IP repository '/opt/Xilinx/Vivado/2016.4/data/ip'.
INFO: [Common 17-206] Exiting Vivado at Thu Nov 15 14:21:04 2018...
