#-----------------------------------------------------------
# Vivado v2016.4 (64-bit)
# SW Build 1756540 on Mon Jan 23 19:11:19 MST 2017
# IP Build 1755317 on Mon Jan 23 20:30:07 MST 2017
# Start of session at: Thu Nov 15 16:25:43 2018
# Process ID: 18243
# Current directory: /home/vivado/Vivado-Projects/HLS_phantom_idwt/solution1/impl/ip
# Command line: vivado -notrace -mode batch -source run_ippack.tcl
# Log file: /home/vivado/Vivado-Projects/HLS_phantom_idwt/solution1/impl/ip/vivado.log
# Journal file: /home/vivado/Vivado-Projects/HLS_phantom_idwt/solution1/impl/ip/vivado.jou
#-----------------------------------------------------------
source run_ippack.tcl -notrace
INFO: [IP_Flow 19-234] Refreshing IP repositories
INFO: [IP_Flow 19-1704] No user IP repositories specified
INFO: [IP_Flow 19-2313] Loaded Vivado IP repository '/opt/Xilinx/Vivado/2016.4/data/ip'.
INFO: [IP_Flow 19-1686] Generating 'Synthesis' target for IP 'idwt_ap_fpext_0_no_dsp_32'...
INFO: [IP_Flow 19-1686] Generating 'Simulation' target for IP 'idwt_ap_fpext_0_no_dsp_32'...
WARNING: [IP_Flow 19-4832] The IP name 'idwt_ap_dadddsub_7_full_dsp_64' you have specified is long. The Windows operating system has path length limitations. It is recommended you use shorter names to reduce the likelihood of issues.
INFO: [IP_Flow 19-1686] Generating 'Synthesis' target for IP 'idwt_ap_dadddsub_7_full_dsp_64'...
INFO: [IP_Flow 19-1686] Generating 'Simulation' target for IP 'idwt_ap_dadddsub_7_full_dsp_64'...
INFO: [IP_Flow 19-1686] Generating 'Synthesis' target for IP 'idwt_ap_dmul_8_max_dsp_64'...
INFO: [IP_Flow 19-1686] Generating 'Simulation' target for IP 'idwt_ap_dmul_8_max_dsp_64'...
WARNING: [IP_Flow 19-4832] The IP name 'idwt_ap_fptrunc_0_no_dsp_64' you have specified is long. The Windows operating system has path length limitations. It is recommended you use shorter names to reduce the likelihood of issues.
INFO: [IP_Flow 19-1686] Generating 'Synthesis' target for IP 'idwt_ap_fptrunc_0_no_dsp_64'...
INFO: [IP_Flow 19-1686] Generating 'Simulation' target for IP 'idwt_ap_fptrunc_0_no_dsp_64'...
INFO: [IP_Flow 19-234] Refreshing IP repositories
INFO: [IP_Flow 19-1704] No user IP repositories specified
INFO: [IP_Flow 19-2313] Loaded Vivado IP repository '/opt/Xilinx/Vivado/2016.4/data/ip'.
INFO: [Common 17-206] Exiting Vivado at Thu Nov 15 16:26:04 2018...
